
Showing logs for build [32mjenkins-oscar-environment-tia-t-xgc5f-1[0m stage [32mfrom-build-pack[0m and container [32mstep-credential-initializer-7tfb2[0m
{"level":"warn","ts":1588020548.8169942,"logger":"fallback-logger","caller":"logging/config.go:69","msg":"Fetch GitHub commit ID from kodata failed: \"ref: refs/heads/0.8.0-**-support-backwards-incompats\" is not a valid GitHub commit ID"}
{"level":"info","ts":1588020548.8177936,"logger":"fallback-logger","caller":"creds-init/main.go:40","msg":"Credentials initialized."}

Showing logs for build [32mjenkins-oscar-environment-tia-t-xgc5f-1[0m stage [32mfrom-build-pack[0m and container [32mstep-working-dir-initializer-bd99l[0m
{"level":"warn","ts":1588020549.874509,"logger":"fallback-logger","caller":"logging/config.go:69","msg":"Fetch GitHub commit ID from kodata failed: open /var/run/ko/HEAD: no such file or directory"}
{"level":"info","ts":1588020549.8792598,"logger":"fallback-logger","caller":"bash/main.go:64","msg":"Successfully executed command \"sh -c mkdir -p /workspace/source\"; output "}

Showing logs for build [32mjenkins-oscar-environment-tia-t-xgc5f-1[0m stage [32mfrom-build-pack[0m and container [32mstep-place-tools[0m

Showing logs for build [32mjenkins-oscar-environment-tia-t-xgc5f-1[0m stage [32mfrom-build-pack[0m and container [32mstep-git-source-jenkins-oscar-environment-tia-t-xgc5f-t7746[0m
{"level":"warn","ts":1588020555.9551313,"logger":"fallback-logger","caller":"logging/config.go:69","msg":"Fetch GitHub commit ID from kodata failed: \"ref: refs/heads/0.8.0-**-support-backwards-incompats\" is not a valid GitHub commit ID"}
{"level":"info","ts":1588020556.5257878,"logger":"fallback-logger","caller":"git/git.go:103","msg":"Successfully cloned https://github.com/jenkins-oscar/environment-tia-tequila-production.git @ master in path /workspace/source"}

Showing logs for build [32mjenkins-oscar-environment-tia-t-xgc5f-1[0m stage [32mfrom-build-pack[0m and container [32mstep-git-merge[0m
Using SHAs from PULL_REFS=master:fd858ff8c91774854dd13e25bef078747559ae90,1:7b0564e439fa9e90aaadd6d463d876babcf120e1
DEBUG: LC_ALL=C JX_LOG_LEVEL=error git fetch origin --unshallow 7b0564e439fa9e90aaadd6d463d876babcf120e1: fd858ff8c91774854dd13e25bef078747559ae90:
DEBUG: ran git fetch --unshallow origin 7b0564e439fa9e90aaadd6d463d876babcf120e1: fd858ff8c91774854dd13e25bef078747559ae90: in 
DEBUG: LC_ALL=C JX_LOG_LEVEL=error git branch
DEBUG: LC_ALL=C JX_LOG_LEVEL=error git checkout master
DEBUG: ran git checkout master in 
DEBUG: LC_ALL=C JX_LOG_LEVEL=error git reset --hard fd858ff8c91774854dd13e25bef078747559ae90
DEBUG: ran git reset --hard fd858ff8c91774854dd13e25bef078747559ae90 in 
DEBUG: LC_ALL=C JX_LOG_LEVEL=error git clean -fd .
DEBUG: ran clean --force -d . in 
DEBUG: LC_ALL=C JX_LOG_LEVEL=error git merge 7b0564e439fa9e90aaadd6d463d876babcf120e1
DEBUG: ran git merge 7b0564e439fa9e90aaadd6d463d876babcf120e1 in 
DEBUG: LC_ALL=C JX_LOG_LEVEL=error git log --format=%H%x1f%an%x1f%ae%x1f%cn%x1f%ce%x1f%s%n%b%x1e fd858ff8c91774854dd13e25bef078747559ae90..HEAD
Merged SHA 7b0564e439fa9e90aaadd6d463d876babcf120e1 with commit message 'The command `** delete application` was run by omedina and it generated this Pull Request' into base branch master

Showing logs for build [32mjenkins-oscar-environment-tia-t-xgc5f-1[0m stage [32mfrom-build-pack[0m and container [32mstep-build-helm-build[0m
WARNING: No $CHART_REPOSITORY defined so using the default value of: http://jenkins-x-chartmuseum:8080
Adding missing Helm repo: storage.googleapis.com https://storage.googleapis.com/chartmuseum.jenkins-x.io
Successfully added Helm repository storage.googleapis.com.
Adding missing Helm repo: jenkins-x-chartmuseum http://jenkins-x-chartmuseum:8080
Successfully added Helm repository jenkins-x-chartmuseum.
WARNING: No $CHART_REPOSITORY defined so using the default value of: http://jenkins-x-chartmuseum:8080
Adding missing Helm repo: chartmuseum.jenkins-x.io http://chartmuseum.jenkins-x.io
Successfully added Helm repository chartmuseum.jenkins-x.io.
